[2026-01-25 03:14:13] local.ERROR: There are no commands defined in the "serve" namespace. {"exception":"[object] (Symfony\\Component\\Console\\Exception\\NamespaceNotFoundException(code: 0): There are no commands defined in the \"serve\" namespace. at D:/chhivlab/chhivlab_212/chhivlab_212/vendor/symfony/console/Application.php:694)
[stacktrace]
#0 D:/chhivlab/chhivlab_212/chhivlab_212/vendor/symfony/console/Application.php(743): Symfony/Component/Console/Application->findNamespace('serve')
#1 D:/chhivlab/chhivlab_212/chhivlab_212/vendor/symfony/console/Application.php(298): Symfony/Component/Console/Application->find('serve:api')
#2 D:/chhivlab/chhivlab_212/chhivlab_212/vendor/symfony/console/Application.php(195): Symfony/Component/Console/Application->doRun(Object(Symfony/Component/Console/Input/ArgvInput), Object(Symfony/Component/Console/Output/ConsoleOutput))
#3 D:/chhivlab/chhivlab_212/chhivlab_212/vendor/laravel/framework/src/Illuminate/Foundation/Console/Kernel.php(198): Symfony/Component/Console/Application->run(Object(Symfony/Component/Console/Input/ArgvInput), Object(Symfony/Component/Console/Output/ConsoleOutput))
#4 D:/chhivlab/chhivlab_212/chhivlab_212/vendor/laravel/framework/src/Illuminate/Foundation/Application.php(1235): Illuminate/Foundation/Console/Kernel->handle(Object(Symfony/Component/Console/Input/ArgvInput), Object(Symfony/Component/Console/Output/ConsoleOutput))
#5 D:/chhivlab/chhivlab_212/chhivlab_212/artisan(16): Illuminate/Foundation/Application->handleCommand(Object(Symfony/Component/Console/Input/ArgvInput))
#6 {main}
"} 
[2026-01-25 03:14:33] local.ERROR: require(D:\chhivlab\chhivlab_212\chhivlab_212\bootstrap/../routes/api.php): Failed to open stream: No such file or directory {"exception":"[object] (ErrorException(code: 0): require(D:\\chhivlab\\chhivlab_212\\chhivlab_212\\bootstrap/../routes/api.php): Failed to open stream: No such file or directory at D:/chhivlab/chhivlab_212/chhivlab_212/vendor/laravel/framework/src/Illuminate/Routing/RouteFileRegistrar.php:34)
[stacktrace]
#0 D:/chhivlab/chhivlab_212/chhivlab_212/vendor/laravel/framework/src/Illuminate/Foundation/Bootstrap/HandleExceptions.php(258): Illuminate/Foundation/Bootstrap/HandleExceptions->handleError(2, 'require(D://chhi...', 'D://chhivlab//chh...', 34)
#1 D:/chhivlab/chhivlab_212/chhivlab_212/vendor/laravel/framework/src/Illuminate/Routing/RouteFileRegistrar.php(34): Illuminate/Foundation/Bootstrap/HandleExceptions->Illuminate/Foundation/Bootstrap/{closure}(2, 'require(D://chhi...', 'D://chhivlab//chh...', 34)
#2 D:/chhivlab/chhivlab_212/chhivlab_212/vendor/laravel/framework/src/Illuminate/Routing/RouteFileRegistrar.php(34): require('D://chhivlab//chh...')
#3 D:/chhivlab/chhivlab_212/chhivlab_212/vendor/laravel/framework/src/Illuminate/Routing/Router.php(526): Illuminate/Routing/RouteFileRegistrar->register('D://chhivlab//chh...')
#4 D:/chhivlab/chhivlab_212/chhivlab_212/vendor/laravel/framework/src/Illuminate/Routing/Router.php(480): Illuminate/Routing/Router->loadRoutes('D://chhivlab//chh...')
#5 D:/chhivlab/chhivlab_212/chhivlab_212/vendor/laravel/framework/src/Illuminate/Routing/RouteRegistrar.php(212): Illuminate/Routing/Router->group(Array, 'D://chhivlab//chh...')
#6 D:/chhivlab/chhivlab_212/chhivlab_212/vendor/laravel/framework/src/Illuminate/Foundation/Configuration/ApplicationBuilder.php(214): Illuminate/Routing/RouteRegistrar->group('D://chhivlab//chh...')
#7 D:/chhivlab/chhivlab_212/chhivlab_212/vendor/laravel/framework/src/Illuminate/Container/BoundMethod.php(36): Illuminate/Foundation/Configuration/ApplicationBuilder->Illuminate/Foundation/Configuration/{closure}()
#8 D:/chhivlab/chhivlab_212/chhivlab_212/vendor/laravel/framework/src/Illuminate/Container/Util.php(43): Illuminate/Container/BoundMethod::Illuminate/Container/{closure}()
#9 D:/chhivlab/chhivlab_212/chhivlab_212/vendor/laravel/framework/src/Illuminate/Container/BoundMethod.php(84): Illuminate/Container/Util::unwrapIfClosure(Object(Closure))
#10 D:/chhivlab/chhivlab_212/chhivlab_212/vendor/laravel/framework/src/Illuminate/Container/BoundMethod.php(35): Illuminate/Container/BoundMethod::callBoundMethod(Object(Illuminate/Foundation/Application), Object(Closure), Object(Closure))
#11 D:/chhivlab/chhivlab_212/chhivlab_212/vendor/laravel/framework/src/Illuminate/Container/Container.php(799): Illuminate/Container/BoundMethod::call(Object(Illuminate/Foundation/Application), Object(Closure), Array, NULL)
#12 D:/chhivlab/chhivlab_212/chhivlab_212/vendor/laravel/framework/src/Illuminate/Foundation/Support/Providers/RouteServiceProvider.php(162): Illuminate/Container/Container->call(Object(Closure))
#13 D:/chhivlab/chhivlab_212/chhivlab_212/vendor/laravel/framework/src/Illuminate/Foundation/Support/Providers/RouteServiceProvider.php(59): Illuminate/Foundation/Support/Providers/RouteServiceProvider->loadRoutes()
#14 D:/chhivlab/chhivlab_212/chhivlab_212/vendor/laravel/framework/src/Illuminate/Container/BoundMethod.php(36): Illuminate/Foundation/Support/Providers/RouteServiceProvider->Illuminate/Foundation/Support/Providers/{closure}()
#15 D:/chhivlab/chhivlab_212/chhivlab_212/vendor/laravel/framework/src/Illuminate/Container/Util.php(43): Illuminate/Container/BoundMethod::Illuminate/Container/{closure}()
#16 D:/chhivlab/chhivlab_212/chhivlab_212/vendor/laravel/framework/src/Illuminate/Container/BoundMethod.php(84): Illuminate/Container/Util::unwrapIfClosure(Object(Closure))
#17 D:/chhivlab/chhivlab_212/chhivlab_212/vendor/laravel/framework/src/Illuminate/Container/BoundMethod.php(35): Illuminate/Container/BoundMethod::callBoundMethod(Object(Illuminate/Foundation/Application), Object(Closure), Object(Closure))
#18 D:/chhivlab/chhivlab_212/chhivlab_212/vendor/laravel/framework/src/Illuminate/Container/Container.php(799): Illuminate/Container/BoundMethod::call(Object(Illuminate/Foundation/Application), Object(Closure), Array, NULL)
#19 D:/chhivlab/chhivlab_212/chhivlab_212/vendor/laravel/framework/src/Illuminate/Support/ServiceProvider.php(150): Illuminate/Container/Container->call(Object(Closure))
#20 D:/chhivlab/chhivlab_212/chhivlab_212/vendor/laravel/framework/src/Illuminate/Foundation/Application.php(1154): Illuminate/Support/ServiceProvider->callBootedCallbacks()
#21 D:/chhivlab/chhivlab_212/chhivlab_212/vendor/laravel/framework/src/Illuminate/Foundation/Application.php(1132): Illuminate/Foundation/Application->bootProvider(Object(Illuminate/Foundation/Support/Providers/RouteServiceProvider))
#22 [internal function]: Illuminate/Foundation/Application->Illuminate/Foundation/{closure}(Object(Illuminate/Foundation/Support/Providers/RouteServiceProvider), 'Illuminate//Foun...')
#23 D:/chhivlab/chhivlab_212/chhivlab_212/vendor/laravel/framework/src/Illuminate/Foundation/Application.php(1131): array_walk(Array, Object(Closure))
#24 D:/chhivlab/chhivlab_212/chhivlab_212/vendor/laravel/framework/src/Illuminate/Foundation/Bootstrap/BootProviders.php(17): Illuminate/Foundation/Application->boot()
#25 D:/chhivlab/chhivlab_212/chhivlab_212/vendor/laravel/framework/src/Illuminate/Foundation/Application.php(342): Illuminate/Foundation/Bootstrap/BootProviders->bootstrap(Object(Illuminate/Foundation/Application))
#26 D:/chhivlab/chhivlab_212/chhivlab_212/vendor/laravel/framework/src/Illuminate/Foundation/Console/Kernel.php(494): Illuminate/Foundation/Application->bootstrapWith(Array)
#27 D:/chhivlab/chhivlab_212/chhivlab_212/vendor/laravel/framework/src/Illuminate/Foundation/Console/Kernel.php(196): Illuminate/Foundation/Console/Kernel->bootstrap()
#28 D:/chhivlab/chhivlab_212/chhivlab_212/vendor/laravel/framework/src/Illuminate/Foundation/Application.php(1235): Illuminate/Foundation/Console/Kernel->handle(Object(Symfony/Component/Console/Input/ArgvInput), Object(Symfony/Component/Console/Output/ConsoleOutput))
#29 D:/chhivlab/chhivlab_212/chhivlab_212/artisan(16): Illuminate/Foundation/Application->handleCommand(Object(Symfony/Component/Console/Input/ArgvInput))
#30 {main}
"} 
[2026-01-25 03:15:01] local.ERROR: require(D:\chhivlab\chhivlab_212\chhivlab_212\bootstrap/../routes/api.php): Failed to open stream: No such file or directory {"exception":"[object] (ErrorException(code: 0): require(D:\\chhivlab\\chhivlab_212\\chhivlab_212\\bootstrap/../routes/api.php): Failed to open stream: No such file or directory at D:/chhivlab/chhivlab_212/chhivlab_212/vendor/laravel/framework/src/Illuminate/Routing/RouteFileRegistrar.php:34)
[stacktrace]
#0 D:/chhivlab/chhivlab_212/chhivlab_212/vendor/laravel/framework/src/Illuminate/Foundation/Bootstrap/HandleExceptions.php(258): Illuminate/Foundation/Bootstrap/HandleExceptions->handleError(2, 'require(D://chhi...', 'D://chhivlab//chh...', 34)
#1 D:/chhivlab/chhivlab_212/chhivlab_212/vendor/laravel/framework/src/Illuminate/Routing/RouteFileRegistrar.php(34): Illuminate/Foundation/Bootstrap/HandleExceptions->Illuminate/Foundation/Bootstrap/{closure}(2, 'require(D://chhi...', 'D://chhivlab//chh...', 34)
#2 D:/chhivlab/chhivlab_212/chhivlab_212/vendor/laravel/framework/src/Illuminate/Routing/RouteFileRegistrar.php(34): require('D://chhivlab//chh...')
#3 D:/chhivlab/chhivlab_212/chhivlab_212/vendor/laravel/framework/src/Illuminate/Routing/Router.php(526): Illuminate/Routing/RouteFileRegistrar->register('D://chhivlab//chh...')
#4 D:/chhivlab/chhivlab_212/chhivlab_212/vendor/laravel/framework/src/Illuminate/Routing/Router.php(480): Illuminate/Routing/Router->loadRoutes('D://chhivlab//chh...')
#5 D:/chhivlab/chhivlab_212/chhivlab_212/vendor/laravel/framework/src/Illuminate/Routing/RouteRegistrar.php(212): Illuminate/Routing/Router->group(Array, 'D://chhivlab//chh...')
#6 D:/chhivlab/chhivlab_212/chhivlab_212/vendor/laravel/framework/src/Illuminate/Foundation/Configuration/ApplicationBuilder.php(214): Illuminate/Routing/RouteRegistrar->group('D://chhivlab//chh...')
#7 D:/chhivlab/chhivlab_212/chhivlab_212/vendor/laravel/framework/src/Illuminate/Container/BoundMethod.php(36): Illuminate/Foundation/Configuration/ApplicationBuilder->Illuminate/Foundation/Configuration/{closure}()
#8 D:/chhivlab/chhivlab_212/chhivlab_212/vendor/laravel/framework/src/Illuminate/Container/Util.php(43): Illuminate/Container/BoundMethod::Illuminate/Container/{closure}()
#9 D:/chhivlab/chhivlab_212/chhivlab_212/vendor/laravel/framework/src/Illuminate/Container/BoundMethod.php(84): Illuminate/Container/Util::unwrapIfClosure(Object(Closure))
#10 D:/chhivlab/chhivlab_212/chhivlab_212/vendor/laravel/framework/src/Illuminate/Container/BoundMethod.php(35): Illuminate/Container/BoundMethod::callBoundMethod(Object(Illuminate/Foundation/Application), Object(Closure), Object(Closure))
#11 D:/chhivlab/chhivlab_212/chhivlab_212/vendor/laravel/framework/src/Illuminate/Container/Container.php(799): Illuminate/Container/BoundMethod::call(Object(Illuminate/Foundation/Application), Object(Closure), Array, NULL)
#12 D:/chhivlab/chhivlab_212/chhivlab_212/vendor/laravel/framework/src/Illuminate/Foundation/Support/Providers/RouteServiceProvider.php(162): Illuminate/Container/Container->call(Object(Closure))
#13 D:/chhivlab/chhivlab_212/chhivlab_212/vendor/laravel/framework/src/Illuminate/Foundation/Support/Providers/RouteServiceProvider.php(59): Illuminate/Foundation/Support/Providers/RouteServiceProvider->loadRoutes()
#14 D:/chhivlab/chhivlab_212/chhivlab_212/vendor/laravel/framework/src/Illuminate/Container/BoundMethod.php(36): Illuminate/Foundation/Support/Providers/RouteServiceProvider->Illuminate/Foundation/Support/Providers/{closure}()
#15 D:/chhivlab/chhivlab_212/chhivlab_212/vendor/laravel/framework/src/Illuminate/Container/Util.php(43): Illuminate/Container/BoundMethod::Illuminate/Container/{closure}()
#16 D:/chhivlab/chhivlab_212/chhivlab_212/vendor/laravel/framework/src/Illuminate/Container/BoundMethod.php(84): Illuminate/Container/Util::unwrapIfClosure(Object(Closure))
#17 D:/chhivlab/chhivlab_212/chhivlab_212/vendor/laravel/framework/src/Illuminate/Container/BoundMethod.php(35): Illuminate/Container/BoundMethod::callBoundMethod(Object(Illuminate/Foundation/Application), Object(Closure), Object(Closure))
#18 D:/chhivlab/chhivlab_212/chhivlab_212/vendor/laravel/framework/src/Illuminate/Container/Container.php(799): Illuminate/Container/BoundMethod::call(Object(Illuminate/Foundation/Application), Object(Closure), Array, NULL)
#19 D:/chhivlab/chhivlab_212/chhivlab_212/vendor/laravel/framework/src/Illuminate/Support/ServiceProvider.php(150): Illuminate/Container/Container->call(Object(Closure))
#20 D:/chhivlab/chhivlab_212/chhivlab_212/vendor/laravel/framework/src/Illuminate/Foundation/Application.php(1154): Illuminate/Support/ServiceProvider->callBootedCallbacks()
#21 D:/chhivlab/chhivlab_212/chhivlab_212/vendor/laravel/framework/src/Illuminate/Foundation/Application.php(1132): Illuminate/Foundation/Application->bootProvider(Object(Illuminate/Foundation/Support/Providers/RouteServiceProvider))
#22 [internal function]: Illuminate/Foundation/Application->Illuminate/Foundation/{closure}(Object(Illuminate/Foundation/Support/Providers/RouteServiceProvider), 'Illuminate//Foun...')
#23 D:/chhivlab/chhivlab_212/chhivlab_212/vendor/laravel/framework/src/Illuminate/Foundation/Application.php(1131): array_walk(Array, Object(Closure))
#24 D:/chhivlab/chhivlab_212/chhivlab_212/vendor/laravel/framework/src/Illuminate/Foundation/Bootstrap/BootProviders.php(17): Illuminate/Foundation/Application->boot()
#25 D:/chhivlab/chhivlab_212/chhivlab_212/vendor/laravel/framework/src/Illuminate/Foundation/Application.php(342): Illuminate/Foundation/Bootstrap/BootProviders->bootstrap(Object(Illuminate/Foundation/Application))
#26 D:/chhivlab/chhivlab_212/chhivlab_212/vendor/laravel/framework/src/Illuminate/Foundation/Console/Kernel.php(494): Illuminate/Foundation/Application->bootstrapWith(Array)
#27 D:/chhivlab/chhivlab_212/chhivlab_212/vendor/laravel/framework/src/Illuminate/Foundation/Console/Kernel.php(196): Illuminate/Foundation/Console/Kernel->bootstrap()
#28 D:/chhivlab/chhivlab_212/chhivlab_212/vendor/laravel/framework/src/Illuminate/Foundation/Application.php(1235): Illuminate/Foundation/Console/Kernel->handle(Object(Symfony/Component/Console/Input/ArgvInput), Object(Symfony/Component/Console/Output/ConsoleOutput))
#29 D:/chhivlab/chhivlab_212/chhivlab_212/artisan(16): Illuminate/Foundation/Application->handleCommand(Object(Symfony/Component/Console/Input/ArgvInput))
#30 {main}
"} 
[2026-01-25 03:15:14] local.ERROR: require(D:\chhivlab\chhivlab_212\chhivlab_212\bootstrap/../routes/api.php): Failed to open stream: No such file or directory {"exception":"[object] (ErrorException(code: 0): require(D:\\chhivlab\\chhivlab_212\\chhivlab_212\\bootstrap/../routes/api.php): Failed to open stream: No such file or directory at D:/chhivlab/chhivlab_212/chhivlab_212/vendor/laravel/framework/src/Illuminate/Routing/RouteFileRegistrar.php:34)
[stacktrace]
#0 D:/chhivlab/chhivlab_212/chhivlab_212/vendor/laravel/framework/src/Illuminate/Foundation/Bootstrap/HandleExceptions.php(258): Illuminate/Foundation/Bootstrap/HandleExceptions->handleError(2, 'require(D://chhi...', 'D://chhivlab//chh...', 34)
#1 D:/chhivlab/chhivlab_212/chhivlab_212/vendor/laravel/framework/src/Illuminate/Routing/RouteFileRegistrar.php(34): Illuminate/Foundation/Bootstrap/HandleExceptions->Illuminate/Foundation/Bootstrap/{closure}(2, 'require(D://chhi...', 'D://chhivlab//chh...', 34)
#2 D:/chhivlab/chhivlab_212/chhivlab_212/vendor/laravel/framework/src/Illuminate/Routing/RouteFileRegistrar.php(34): require('D://chhivlab//chh...')
#3 D:/chhivlab/chhivlab_212/chhivlab_212/vendor/laravel/framework/src/Illuminate/Routing/Router.php(526): Illuminate/Routing/RouteFileRegistrar->register('D://chhivlab//chh...')
#4 D:/chhivlab/chhivlab_212/chhivlab_212/vendor/laravel/framework/src/Illuminate/Routing/Router.php(480): Illuminate/Routing/Router->loadRoutes('D://chhivlab//chh...')
#5 D:/chhivlab/chhivlab_212/chhivlab_212/vendor/laravel/framework/src/Illuminate/Routing/RouteRegistrar.php(212): Illuminate/Routing/Router->group(Array, 'D://chhivlab//chh...')
#6 D:/chhivlab/chhivlab_212/chhivlab_212/vendor/laravel/framework/src/Illuminate/Foundation/Configuration/ApplicationBuilder.php(214): Illuminate/Routing/RouteRegistrar->group('D://chhivlab//chh...')
#7 D:/chhivlab/chhivlab_212/chhivlab_212/vendor/laravel/framework/src/Illuminate/Container/BoundMethod.php(36): Illuminate/Foundation/Configuration/ApplicationBuilder->Illuminate/Foundation/Configuration/{closure}()
#8 D:/chhivlab/chhivlab_212/chhivlab_212/vendor/laravel/framework/src/Illuminate/Container/Util.php(43): Illuminate/Container/BoundMethod::Illuminate/Container/{closure}()
#9 D:/chhivlab/chhivlab_212/chhivlab_212/vendor/laravel/framework/src/Illuminate/Container/BoundMethod.php(84): Illuminate/Container/Util::unwrapIfClosure(Object(Closure))
#10 D:/chhivlab/chhivlab_212/chhivlab_212/vendor/laravel/framework/src/Illuminate/Container/BoundMethod.php(35): Illuminate/Container/BoundMethod::callBoundMethod(Object(Illuminate/Foundation/Application), Object(Closure), Object(Closure))
#11 D:/chhivlab/chhivlab_212/chhivlab_212/vendor/laravel/framework/src/Illuminate/Container/Container.php(799): Illuminate/Container/BoundMethod::call(Object(Illuminate/Foundation/Application), Object(Closure), Array, NULL)
#12 D:/chhivlab/chhivlab_212/chhivlab_212/vendor/laravel/framework/src/Illuminate/Foundation/Support/Providers/RouteServiceProvider.php(162): Illuminate/Container/Container->call(Object(Closure))
#13 D:/chhivlab/chhivlab_212/chhivlab_212/vendor/laravel/framework/src/Illuminate/Foundation/Support/Providers/RouteServiceProvider.php(59): Illuminate/Foundation/Support/Providers/RouteServiceProvider->loadRoutes()
#14 D:/chhivlab/chhivlab_212/chhivlab_212/vendor/laravel/framework/src/Illuminate/Container/BoundMethod.php(36): Illuminate/Foundation/Support/Providers/RouteServiceProvider->Illuminate/Foundation/Support/Providers/{closure}()
#15 D:/chhivlab/chhivlab_212/chhivlab_212/vendor/laravel/framework/src/Illuminate/Container/Util.php(43): Illuminate/Container/BoundMethod::Illuminate/Container/{closure}()
#16 D:/chhivlab/chhivlab_212/chhivlab_212/vendor/laravel/framework/src/Illuminate/Container/BoundMethod.php(84): Illuminate/Container/Util::unwrapIfClosure(Object(Closure))
#17 D:/chhivlab/chhivlab_212/chhivlab_212/vendor/laravel/framework/src/Illuminate/Container/BoundMethod.php(35): Illuminate/Container/BoundMethod::callBoundMethod(Object(Illuminate/Foundation/Application), Object(Closure), Object(Closure))
#18 D:/chhivlab/chhivlab_212/chhivlab_212/vendor/laravel/framework/src/Illuminate/Container/Container.php(799): Illuminate/Container/BoundMethod::call(Object(Illuminate/Foundation/Application), Object(Closure), Array, NULL)
#19 D:/chhivlab/chhivlab_212/chhivlab_212/vendor/laravel/framework/src/Illuminate/Support/ServiceProvider.php(150): Illuminate/Container/Container->call(Object(Closure))
#20 D:/chhivlab/chhivlab_212/chhivlab_212/vendor/laravel/framework/src/Illuminate/Foundation/Application.php(1154): Illuminate/Support/ServiceProvider->callBootedCallbacks()
#21 D:/chhivlab/chhivlab_212/chhivlab_212/vendor/laravel/framework/src/Illuminate/Foundation/Application.php(1132): Illuminate/Foundation/Application->bootProvider(Object(Illuminate/Foundation/Support/Providers/RouteServiceProvider))
#22 [internal function]: Illuminate/Foundation/Application->Illuminate/Foundation/{closure}(Object(Illuminate/Foundation/Support/Providers/RouteServiceProvider), 'Illuminate//Foun...')
#23 D:/chhivlab/chhivlab_212/chhivlab_212/vendor/laravel/framework/src/Illuminate/Foundation/Application.php(1131): array_walk(Array, Object(Closure))
#24 D:/chhivlab/chhivlab_212/chhivlab_212/vendor/laravel/framework/src/Illuminate/Foundation/Bootstrap/BootProviders.php(17): Illuminate/Foundation/Application->boot()
#25 D:/chhivlab/chhivlab_212/chhivlab_212/vendor/laravel/framework/src/Illuminate/Foundation/Application.php(342): Illuminate/Foundation/Bootstrap/BootProviders->bootstrap(Object(Illuminate/Foundation/Application))
#26 D:/chhivlab/chhivlab_212/chhivlab_212/vendor/laravel/framework/src/Illuminate/Foundation/Console/Kernel.php(494): Illuminate/Foundation/Application->bootstrapWith(Array)
#27 D:/chhivlab/chhivlab_212/chhivlab_212/vendor/laravel/framework/src/Illuminate/Foundation/Console/Kernel.php(196): Illuminate/Foundation/Console/Kernel->bootstrap()
#28 D:/chhivlab/chhivlab_212/chhivlab_212/vendor/laravel/framework/src/Illuminate/Foundation/Application.php(1235): Illuminate/Foundation/Console/Kernel->handle(Object(Symfony/Component/Console/Input/ArgvInput), Object(Symfony/Component/Console/Output/ConsoleOutput))
#29 D:/chhivlab/chhivlab_212/chhivlab_212/artisan(16): Illuminate/Foundation/Application->handleCommand(Object(Symfony/Component/Console/Input/ArgvInput))
#30 {main}
"} 
[2026-01-25 03:15:18] local.ERROR: require(D:\chhivlab\chhivlab_212\chhivlab_212\bootstrap/../routes/api.php): Failed to open stream: No such file or directory {"exception":"[object] (ErrorException(code: 0): require(D:\\chhivlab\\chhivlab_212\\chhivlab_212\\bootstrap/../routes/api.php): Failed to open stream: No such file or directory at D:/chhivlab/chhivlab_212/chhivlab_212/vendor/laravel/framework/src/Illuminate/Routing/RouteFileRegistrar.php:34)
[stacktrace]
#0 D:/chhivlab/chhivlab_212/chhivlab_212/vendor/laravel/framework/src/Illuminate/Foundation/Bootstrap/HandleExceptions.php(258): Illuminate/Foundation/Bootstrap/HandleExceptions->handleError(2, 'require(D://chhi...', 'D://chhivlab//chh...', 34)
#1 D:/chhivlab/chhivlab_212/chhivlab_212/vendor/laravel/framework/src/Illuminate/Routing/RouteFileRegistrar.php(34): Illuminate/Foundation/Bootstrap/HandleExceptions->Illuminate/Foundation/Bootstrap/{closure}(2, 'require(D://chhi...', 'D://chhivlab//chh...', 34)
#2 D:/chhivlab/chhivlab_212/chhivlab_212/vendor/laravel/framework/src/Illuminate/Routing/RouteFileRegistrar.php(34): require('D://chhivlab//chh...')
#3 D:/chhivlab/chhivlab_212/chhivlab_212/vendor/laravel/framework/src/Illuminate/Routing/Router.php(526): Illuminate/Routing/RouteFileRegistrar->register('D://chhivlab//chh...')
#4 D:/chhivlab/chhivlab_212/chhivlab_212/vendor/laravel/framework/src/Illuminate/Routing/Router.php(480): Illuminate/Routing/Router->loadRoutes('D://chhivlab//chh...')
#5 D:/chhivlab/chhivlab_212/chhivlab_212/vendor/laravel/framework/src/Illuminate/Routing/RouteRegistrar.php(212): Illuminate/Routing/Router->group(Array, 'D://chhivlab//chh...')
#6 D:/chhivlab/chhivlab_212/chhivlab_212/vendor/laravel/framework/src/Illuminate/Foundation/Configuration/ApplicationBuilder.php(214): Illuminate/Routing/RouteRegistrar->group('D://chhivlab//chh...')
#7 D:/chhivlab/chhivlab_212/chhivlab_212/vendor/laravel/framework/src/Illuminate/Container/BoundMethod.php(36): Illuminate/Foundation/Configuration/ApplicationBuilder->Illuminate/Foundation/Configuration/{closure}()
#8 D:/chhivlab/chhivlab_212/chhivlab_212/vendor/laravel/framework/src/Illuminate/Container/Util.php(43): Illuminate/Container/BoundMethod::Illuminate/Container/{closure}()
#9 D:/chhivlab/chhivlab_212/chhivlab_212/vendor/laravel/framework/src/Illuminate/Container/BoundMethod.php(84): Illuminate/Container/Util::unwrapIfClosure(Object(Closure))
#10 D:/chhivlab/chhivlab_212/chhivlab_212/vendor/laravel/framework/src/Illuminate/Container/BoundMethod.php(35): Illuminate/Container/BoundMethod::callBoundMethod(Object(Illuminate/Foundation/Application), Object(Closure), Object(Closure))
#11 D:/chhivlab/chhivlab_212/chhivlab_212/vendor/laravel/framework/src/Illuminate/Container/Container.php(799): Illuminate/Container/BoundMethod::call(Object(Illuminate/Foundation/Application), Object(Closure), Array, NULL)
#12 D:/chhivlab/chhivlab_212/chhivlab_212/vendor/laravel/framework/src/Illuminate/Foundation/Support/Providers/RouteServiceProvider.php(162): Illuminate/Container/Container->call(Object(Closure))
#13 D:/chhivlab/chhivlab_212/chhivlab_212/vendor/laravel/framework/src/Illuminate/Foundation/Support/Providers/RouteServiceProvider.php(59): Illuminate/Foundation/Support/Providers/RouteServiceProvider->loadRoutes()
#14 D:/chhivlab/chhivlab_212/chhivlab_212/vendor/laravel/framework/src/Illuminate/Container/BoundMethod.php(36): Illuminate/Foundation/Support/Providers/RouteServiceProvider->Illuminate/Foundation/Support/Providers/{closure}()
#15 D:/chhivlab/chhivlab_212/chhivlab_212/vendor/laravel/framework/src/Illuminate/Container/Util.php(43): Illuminate/Container/BoundMethod::Illuminate/Container/{closure}()
#16 D:/chhivlab/chhivlab_212/chhivlab_212/vendor/laravel/framework/src/Illuminate/Container/BoundMethod.php(84): Illuminate/Container/Util::unwrapIfClosure(Object(Closure))
#17 D:/chhivlab/chhivlab_212/chhivlab_212/vendor/laravel/framework/src/Illuminate/Container/BoundMethod.php(35): Illuminate/Container/BoundMethod::callBoundMethod(Object(Illuminate/Foundation/Application), Object(Closure), Object(Closure))
#18 D:/chhivlab/chhivlab_212/chhivlab_212/vendor/laravel/framework/src/Illuminate/Container/Container.php(799): Illuminate/Container/BoundMethod::call(Object(Illuminate/Foundation/Application), Object(Closure), Array, NULL)
#19 D:/chhivlab/chhivlab_212/chhivlab_212/vendor/laravel/framework/src/Illuminate/Support/ServiceProvider.php(150): Illuminate/Container/Container->call(Object(Closure))
#20 D:/chhivlab/chhivlab_212/chhivlab_212/vendor/laravel/framework/src/Illuminate/Foundation/Application.php(1154): Illuminate/Support/ServiceProvider->callBootedCallbacks()
#21 D:/chhivlab/chhivlab_212/chhivlab_212/vendor/laravel/framework/src/Illuminate/Foundation/Application.php(1132): Illuminate/Foundation/Application->bootProvider(Object(Illuminate/Foundation/Support/Providers/RouteServiceProvider))
#22 [internal function]: Illuminate/Foundation/Application->Illuminate/Foundation/{closure}(Object(Illuminate/Foundation/Support/Providers/RouteServiceProvider), 'Illuminate//Foun...')
#23 D:/chhivlab/chhivlab_212/chhivlab_212/vendor/laravel/framework/src/Illuminate/Foundation/Application.php(1131): array_walk(Array, Object(Closure))
#24 D:/chhivlab/chhivlab_212/chhivlab_212/vendor/laravel/framework/src/Illuminate/Foundation/Bootstrap/BootProviders.php(17): Illuminate/Foundation/Application->boot()
#25 D:/chhivlab/chhivlab_212/chhivlab_212/vendor/laravel/framework/src/Illuminate/Foundation/Application.php(342): Illuminate/Foundation/Bootstrap/BootProviders->bootstrap(Object(Illuminate/Foundation/Application))
#26 D:/chhivlab/chhivlab_212/chhivlab_212/vendor/laravel/framework/src/Illuminate/Foundation/Console/Kernel.php(494): Illuminate/Foundation/Application->bootstrapWith(Array)
#27 D:/chhivlab/chhivlab_212/chhivlab_212/vendor/laravel/framework/src/Illuminate/Foundation/Console/Kernel.php(196): Illuminate/Foundation/Console/Kernel->bootstrap()
#28 D:/chhivlab/chhivlab_212/chhivlab_212/vendor/laravel/framework/src/Illuminate/Foundation/Application.php(1235): Illuminate/Foundation/Console/Kernel->handle(Object(Symfony/Component/Console/Input/ArgvInput), Object(Symfony/Component/Console/Output/ConsoleOutput))
#29 D:/chhivlab/chhivlab_212/chhivlab_212/artisan(16): Illuminate/Foundation/Application->handleCommand(Object(Symfony/Component/Console/Input/ArgvInput))
#30 {main}
"} 
[2026-01-25 03:16:10] local.ERROR: require(D:\chhivlab\chhivlab_212\chhivlab_212\bootstrap/../routes/api.php): Failed to open stream: No such file or directory {"exception":"[object] (ErrorException(code: 0): require(D:\\chhivlab\\chhivlab_212\\chhivlab_212\\bootstrap/../routes/api.php): Failed to open stream: No such file or directory at D:/chhivlab/chhivlab_212/chhivlab_212/vendor/laravel/framework/src/Illuminate/Routing/RouteFileRegistrar.php:34)
[stacktrace]
#0 D:/chhivlab/chhivlab_212/chhivlab_212/vendor/laravel/framework/src/Illuminate/Foundation/Bootstrap/HandleExceptions.php(258): Illuminate/Foundation/Bootstrap/HandleExceptions->handleError(2, 'require(D://chhi...', 'D://chhivlab//chh...', 34)
#1 D:/chhivlab/chhivlab_212/chhivlab_212/vendor/laravel/framework/src/Illuminate/Routing/RouteFileRegistrar.php(34): Illuminate/Foundation/Bootstrap/HandleExceptions->Illuminate/Foundation/Bootstrap/{closure}(2, 'require(D://chhi...', 'D://chhivlab//chh...', 34)
#2 D:/chhivlab/chhivlab_212/chhivlab_212/vendor/laravel/framework/src/Illuminate/Routing/RouteFileRegistrar.php(34): require('D://chhivlab//chh...')
#3 D:/chhivlab/chhivlab_212/chhivlab_212/vendor/laravel/framework/src/Illuminate/Routing/Router.php(526): Illuminate/Routing/RouteFileRegistrar->register('D://chhivlab//chh...')
#4 D:/chhivlab/chhivlab_212/chhivlab_212/vendor/laravel/framework/src/Illuminate/Routing/Router.php(480): Illuminate/Routing/Router->loadRoutes('D://chhivlab//chh...')
#5 D:/chhivlab/chhivlab_212/chhivlab_212/vendor/laravel/framework/src/Illuminate/Routing/RouteRegistrar.php(212): Illuminate/Routing/Router->group(Array, 'D://chhivlab//chh...')
#6 D:/chhivlab/chhivlab_212/chhivlab_212/vendor/laravel/framework/src/Illuminate/Foundation/Configuration/ApplicationBuilder.php(214): Illuminate/Routing/RouteRegistrar->group('D://chhivlab//chh...')
#7 D:/chhivlab/chhivlab_212/chhivlab_212/vendor/laravel/framework/src/Illuminate/Container/BoundMethod.php(36): Illuminate/Foundation/Configuration/ApplicationBuilder->Illuminate/Foundation/Configuration/{closure}()
#8 D:/chhivlab/chhivlab_212/chhivlab_212/vendor/laravel/framework/src/Illuminate/Container/Util.php(43): Illuminate/Container/BoundMethod::Illuminate/Container/{closure}()
#9 D:/chhivlab/chhivlab_212/chhivlab_212/vendor/laravel/framework/src/Illuminate/Container/BoundMethod.php(84): Illuminate/Container/Util::unwrapIfClosure(Object(Closure))
#10 D:/chhivlab/chhivlab_212/chhivlab_212/vendor/laravel/framework/src/Illuminate/Container/BoundMethod.php(35): Illuminate/Container/BoundMethod::callBoundMethod(Object(Illuminate/Foundation/Application), Object(Closure), Object(Closure))
#11 D:/chhivlab/chhivlab_212/chhivlab_212/vendor/laravel/framework/src/Illuminate/Container/Container.php(799): Illuminate/Container/BoundMethod::call(Object(Illuminate/Foundation/Application), Object(Closure), Array, NULL)
#12 D:/chhivlab/chhivlab_212/chhivlab_212/vendor/laravel/framework/src/Illuminate/Foundation/Support/Providers/RouteServiceProvider.php(162): Illuminate/Container/Container->call(Object(Closure))
#13 D:/chhivlab/chhivlab_212/chhivlab_212/vendor/laravel/framework/src/Illuminate/Foundation/Support/Providers/RouteServiceProvider.php(59): Illuminate/Foundation/Support/Providers/RouteServiceProvider->loadRoutes()
#14 D:/chhivlab/chhivlab_212/chhivlab_212/vendor/laravel/framework/src/Illuminate/Container/BoundMethod.php(36): Illuminate/Foundation/Support/Providers/RouteServiceProvider->Illuminate/Foundation/Support/Providers/{closure}()
#15 D:/chhivlab/chhivlab_212/chhivlab_212/vendor/laravel/framework/src/Illuminate/Container/Util.php(43): Illuminate/Container/BoundMethod::Illuminate/Container/{closure}()
#16 D:/chhivlab/chhivlab_212/chhivlab_212/vendor/laravel/framework/src/Illuminate/Container/BoundMethod.php(84): Illuminate/Container/Util::unwrapIfClosure(Object(Closure))
#17 D:/chhivlab/chhivlab_212/chhivlab_212/vendor/laravel/framework/src/Illuminate/Container/BoundMethod.php(35): Illuminate/Container/BoundMethod::callBoundMethod(Object(Illuminate/Foundation/Application), Object(Closure), Object(Closure))
#18 D:/chhivlab/chhivlab_212/chhivlab_212/vendor/laravel/framework/src/Illuminate/Container/Container.php(799): Illuminate/Container/BoundMethod::call(Object(Illuminate/Foundation/Application), Object(Closure), Array, NULL)
#19 D:/chhivlab/chhivlab_212/chhivlab_212/vendor/laravel/framework/src/Illuminate/Support/ServiceProvider.php(150): Illuminate/Container/Container->call(Object(Closure))
#20 D:/chhivlab/chhivlab_212/chhivlab_212/vendor/laravel/framework/src/Illuminate/Foundation/Application.php(1154): Illuminate/Support/ServiceProvider->callBootedCallbacks()
#21 D:/chhivlab/chhivlab_212/chhivlab_212/vendor/laravel/framework/src/Illuminate/Foundation/Application.php(1132): Illuminate/Foundation/Application->bootProvider(Object(Illuminate/Foundation/Support/Providers/RouteServiceProvider))
#22 [internal function]: Illuminate/Foundation/Application->Illuminate/Foundation/{closure}(Object(Illuminate/Foundation/Support/Providers/RouteServiceProvider), 'Illuminate//Foun...')
#23 D:/chhivlab/chhivlab_212/chhivlab_212/vendor/laravel/framework/src/Illuminate/Foundation/Application.php(1131): array_walk(Array, Object(Closure))
#24 D:/chhivlab/chhivlab_212/chhivlab_212/vendor/laravel/framework/src/Illuminate/Foundation/Bootstrap/BootProviders.php(17): Illuminate/Foundation/Application->boot()
#25 D:/chhivlab/chhivlab_212/chhivlab_212/vendor/laravel/framework/src/Illuminate/Foundation/Application.php(342): Illuminate/Foundation/Bootstrap/BootProviders->bootstrap(Object(Illuminate/Foundation/Application))
#26 D:/chhivlab/chhivlab_212/chhivlab_212/vendor/laravel/framework/src/Illuminate/Foundation/Console/Kernel.php(494): Illuminate/Foundation/Application->bootstrapWith(Array)
#27 D:/chhivlab/chhivlab_212/chhivlab_212/vendor/laravel/framework/src/Illuminate/Foundation/Console/Kernel.php(196): Illuminate/Foundation/Console/Kernel->bootstrap()
#28 D:/chhivlab/chhivlab_212/chhivlab_212/vendor/laravel/framework/src/Illuminate/Foundation/Application.php(1235): Illuminate/Foundation/Console/Kernel->handle(Object(Symfony/Component/Console/Input/ArgvInput), Object(Symfony/Component/Console/Output/ConsoleOutput))
#29 D:/chhivlab/chhivlab_212/chhivlab_212/artisan(16): Illuminate/Foundation/Application->handleCommand(Object(Symfony/Component/Console/Input/ArgvInput))
#30 {main}
"} 
[2026-01-25 03:41:01] local.ERROR: require(D:\chhivlab\chhivlab_212\chhivlab_212\bootstrap/../routes/api.php): Failed to open stream: No such file or directory {"exception":"[object] (ErrorException(code: 0): require(D:\\chhivlab\\chhivlab_212\\chhivlab_212\\bootstrap/../routes/api.php): Failed to open stream: No such file or directory at D:/chhivlab/chhivlab_212/chhivlab_212/vendor/laravel/framework/src/Illuminate/Routing/RouteFileRegistrar.php:34)
[stacktrace]
#0 D:/chhivlab/chhivlab_212/chhivlab_212/vendor/laravel/framework/src/Illuminate/Foundation/Bootstrap/HandleExceptions.php(258): Illuminate/Foundation/Bootstrap/HandleExceptions->handleError(2, 'require(D://chhi...', 'D://chhivlab//chh...', 34)
#1 D:/chhivlab/chhivlab_212/chhivlab_212/vendor/laravel/framework/src/Illuminate/Routing/RouteFileRegistrar.php(34): Illuminate/Foundation/Bootstrap/HandleExceptions->Illuminate/Foundation/Bootstrap/{closure}(2, 'require(D://chhi...', 'D://chhivlab//chh...', 34)
#2 D:/chhivlab/chhivlab_212/chhivlab_212/vendor/laravel/framework/src/Illuminate/Routing/RouteFileRegistrar.php(34): require('D://chhivlab//chh...')
#3 D:/chhivlab/chhivlab_212/chhivlab_212/vendor/laravel/framework/src/Illuminate/Routing/Router.php(526): Illuminate/Routing/RouteFileRegistrar->register('D://chhivlab//chh...')
#4 D:/chhivlab/chhivlab_212/chhivlab_212/vendor/laravel/framework/src/Illuminate/Routing/Router.php(480): Illuminate/Routing/Router->loadRoutes('D://chhivlab//chh...')
#5 D:/chhivlab/chhivlab_212/chhivlab_212/vendor/laravel/framework/src/Illuminate/Routing/RouteRegistrar.php(212): Illuminate/Routing/Router->group(Array, 'D://chhivlab//chh...')
#6 D:/chhivlab/chhivlab_212/chhivlab_212/vendor/laravel/framework/src/Illuminate/Foundation/Configuration/ApplicationBuilder.php(214): Illuminate/Routing/RouteRegistrar->group('D://chhivlab//chh...')
#7 D:/chhivlab/chhivlab_212/chhivlab_212/vendor/laravel/framework/src/Illuminate/Container/BoundMethod.php(36): Illuminate/Foundation/Configuration/ApplicationBuilder->Illuminate/Foundation/Configuration/{closure}()
#8 D:/chhivlab/chhivlab_212/chhivlab_212/vendor/laravel/framework/src/Illuminate/Container/Util.php(43): Illuminate/Container/BoundMethod::Illuminate/Container/{closure}()
#9 D:/chhivlab/chhivlab_212/chhivlab_212/vendor/laravel/framework/src/Illuminate/Container/BoundMethod.php(84): Illuminate/Container/Util::unwrapIfClosure(Object(Closure))
#10 D:/chhivlab/chhivlab_212/chhivlab_212/vendor/laravel/framework/src/Illuminate/Container/BoundMethod.php(35): Illuminate/Container/BoundMethod::callBoundMethod(Object(Illuminate/Foundation/Application), Object(Closure), Object(Closure))
#11 D:/chhivlab/chhivlab_212/chhivlab_212/vendor/laravel/framework/src/Illuminate/Container/Container.php(799): Illuminate/Container/BoundMethod::call(Object(Illuminate/Foundation/Application), Object(Closure), Array, NULL)
#12 D:/chhivlab/chhivlab_212/chhivlab_212/vendor/laravel/framework/src/Illuminate/Foundation/Support/Providers/RouteServiceProvider.php(162): Illuminate/Container/Container->call(Object(Closure))
#13 D:/chhivlab/chhivlab_212/chhivlab_212/vendor/laravel/framework/src/Illuminate/Foundation/Support/Providers/RouteServiceProvider.php(59): Illuminate/Foundation/Support/Providers/RouteServiceProvider->loadRoutes()
#14 D:/chhivlab/chhivlab_212/chhivlab_212/vendor/laravel/framework/src/Illuminate/Container/BoundMethod.php(36): Illuminate/Foundation/Support/Providers/RouteServiceProvider->Illuminate/Foundation/Support/Providers/{closure}()
#15 D:/chhivlab/chhivlab_212/chhivlab_212/vendor/laravel/framework/src/Illuminate/Container/Util.php(43): Illuminate/Container/BoundMethod::Illuminate/Container/{closure}()
#16 D:/chhivlab/chhivlab_212/chhivlab_212/vendor/laravel/framework/src/Illuminate/Container/BoundMethod.php(84): Illuminate/Container/Util::unwrapIfClosure(Object(Closure))
#17 D:/chhivlab/chhivlab_212/chhivlab_212/vendor/laravel/framework/src/Illuminate/Container/BoundMethod.php(35): Illuminate/Container/BoundMethod::callBoundMethod(Object(Illuminate/Foundation/Application), Object(Closure), Object(Closure))
#18 D:/chhivlab/chhivlab_212/chhivlab_212/vendor/laravel/framework/src/Illuminate/Container/Container.php(799): Illuminate/Container/BoundMethod::call(Object(Illuminate/Foundation/Application), Object(Closure), Array, NULL)
#19 D:/chhivlab/chhivlab_212/chhivlab_212/vendor/laravel/framework/src/Illuminate/Support/ServiceProvider.php(150): Illuminate/Container/Container->call(Object(Closure))
#20 D:/chhivlab/chhivlab_212/chhivlab_212/vendor/laravel/framework/src/Illuminate/Foundation/Application.php(1154): Illuminate/Support/ServiceProvider->callBootedCallbacks()
#21 D:/chhivlab/chhivlab_212/chhivlab_212/vendor/laravel/framework/src/Illuminate/Foundation/Application.php(1132): Illuminate/Foundation/Application->bootProvider(Object(Illuminate/Foundation/Support/Providers/RouteServiceProvider))
#22 [internal function]: Illuminate/Foundation/Application->Illuminate/Foundation/{closure}(Object(Illuminate/Foundation/Support/Providers/RouteServiceProvider), 'Illuminate//Foun...')
#23 D:/chhivlab/chhivlab_212/chhivlab_212/vendor/laravel/framework/src/Illuminate/Foundation/Application.php(1131): array_walk(Array, Object(Closure))
#24 D:/chhivlab/chhivlab_212/chhivlab_212/vendor/laravel/framework/src/Illuminate/Foundation/Bootstrap/BootProviders.php(17): Illuminate/Foundation/Application->boot()
#25 D:/chhivlab/chhivlab_212/chhivlab_212/vendor/laravel/framework/src/Illuminate/Foundation/Application.php(342): Illuminate/Foundation/Bootstrap/BootProviders->bootstrap(Object(Illuminate/Foundation/Application))
#26 D:/chhivlab/chhivlab_212/chhivlab_212/vendor/laravel/framework/src/Illuminate/Foundation/Console/Kernel.php(494): Illuminate/Foundation/Application->bootstrapWith(Array)
#27 D:/chhivlab/chhivlab_212/chhivlab_212/vendor/laravel/framework/src/Illuminate/Foundation/Console/Kernel.php(196): Illuminate/Foundation/Console/Kernel->bootstrap()
#28 D:/chhivlab/chhivlab_212/chhivlab_212/vendor/laravel/framework/src/Illuminate/Foundation/Application.php(1235): Illuminate/Foundation/Console/Kernel->handle(Object(Symfony/Component/Console/Input/ArgvInput), Object(Symfony/Component/Console/Output/ConsoleOutput))
#29 D:/chhivlab/chhivlab_212/chhivlab_212/artisan(16): Illuminate/Foundation/Application->handleCommand(Object(Symfony/Component/Console/Input/ArgvInput))
#30 {main}
"} 
[2026-01-25 03:42:38] local.ERROR: require(D:\chhivlab\chhivlab_212\chhivlab_212\bootstrap/../routes/api.php): Failed to open stream: No such file or directory {"exception":"[object] (ErrorException(code: 0): require(D:\\chhivlab\\chhivlab_212\\chhivlab_212\\bootstrap/../routes/api.php): Failed to open stream: No such file or directory at D:/chhivlab/chhivlab_212/chhivlab_212/vendor/laravel/framework/src/Illuminate/Routing/RouteFileRegistrar.php:34)
[stacktrace]
#0 D:/chhivlab/chhivlab_212/chhivlab_212/vendor/laravel/framework/src/Illuminate/Foundation/Bootstrap/HandleExceptions.php(258): Illuminate/Foundation/Bootstrap/HandleExceptions->handleError(2, 'require(D://chhi...', 'D://chhivlab//chh...', 34)
#1 D:/chhivlab/chhivlab_212/chhivlab_212/vendor/laravel/framework/src/Illuminate/Routing/RouteFileRegistrar.php(34): Illuminate/Foundation/Bootstrap/HandleExceptions->Illuminate/Foundation/Bootstrap/{closure}(2, 'require(D://chhi...', 'D://chhivlab//chh...', 34)
#2 D:/chhivlab/chhivlab_212/chhivlab_212/vendor/laravel/framework/src/Illuminate/Routing/RouteFileRegistrar.php(34): require('D://chhivlab//chh...')
#3 D:/chhivlab/chhivlab_212/chhivlab_212/vendor/laravel/framework/src/Illuminate/Routing/Router.php(526): Illuminate/Routing/RouteFileRegistrar->register('D://chhivlab//chh...')
#4 D:/chhivlab/chhivlab_212/chhivlab_212/vendor/laravel/framework/src/Illuminate/Routing/Router.php(480): Illuminate/Routing/Router->loadRoutes('D://chhivlab//chh...')
#5 D:/chhivlab/chhivlab_212/chhivlab_212/vendor/laravel/framework/src/Illuminate/Routing/RouteRegistrar.php(212): Illuminate/Routing/Router->group(Array, 'D://chhivlab//chh...')
#6 D:/chhivlab/chhivlab_212/chhivlab_212/vendor/laravel/framework/src/Illuminate/Foundation/Configuration/ApplicationBuilder.php(214): Illuminate/Routing/RouteRegistrar->group('D://chhivlab//chh...')
#7 D:/chhivlab/chhivlab_212/chhivlab_212/vendor/laravel/framework/src/Illuminate/Container/BoundMethod.php(36): Illuminate/Foundation/Configuration/ApplicationBuilder->Illuminate/Foundation/Configuration/{closure}()
#8 D:/chhivlab/chhivlab_212/chhivlab_212/vendor/laravel/framework/src/Illuminate/Container/Util.php(43): Illuminate/Container/BoundMethod::Illuminate/Container/{closure}()
#9 D:/chhivlab/chhivlab_212/chhivlab_212/vendor/laravel/framework/src/Illuminate/Container/BoundMethod.php(84): Illuminate/Container/Util::unwrapIfClosure(Object(Closure))
#10 D:/chhivlab/chhivlab_212/chhivlab_212/vendor/laravel/framework/src/Illuminate/Container/BoundMethod.php(35): Illuminate/Container/BoundMethod::callBoundMethod(Object(Illuminate/Foundation/Application), Object(Closure), Object(Closure))
#11 D:/chhivlab/chhivlab_212/chhivlab_212/vendor/laravel/framework/src/Illuminate/Container/Container.php(799): Illuminate/Container/BoundMethod::call(Object(Illuminate/Foundation/Application), Object(Closure), Array, NULL)
#12 D:/chhivlab/chhivlab_212/chhivlab_212/vendor/laravel/framework/src/Illuminate/Foundation/Support/Providers/RouteServiceProvider.php(162): Illuminate/Container/Container->call(Object(Closure))
#13 D:/chhivlab/chhivlab_212/chhivlab_212/vendor/laravel/framework/src/Illuminate/Foundation/Support/Providers/RouteServiceProvider.php(59): Illuminate/Foundation/Support/Providers/RouteServiceProvider->loadRoutes()
#14 D:/chhivlab/chhivlab_212/chhivlab_212/vendor/laravel/framework/src/Illuminate/Container/BoundMethod.php(36): Illuminate/Foundation/Support/Providers/RouteServiceProvider->Illuminate/Foundation/Support/Providers/{closure}()
#15 D:/chhivlab/chhivlab_212/chhivlab_212/vendor/laravel/framework/src/Illuminate/Container/Util.php(43): Illuminate/Container/BoundMethod::Illuminate/Container/{closure}()
#16 D:/chhivlab/chhivlab_212/chhivlab_212/vendor/laravel/framework/src/Illuminate/Container/BoundMethod.php(84): Illuminate/Container/Util::unwrapIfClosure(Object(Closure))
#17 D:/chhivlab/chhivlab_212/chhivlab_212/vendor/laravel/framework/src/Illuminate/Container/BoundMethod.php(35): Illuminate/Container/BoundMethod::callBoundMethod(Object(Illuminate/Foundation/Application), Object(Closure), Object(Closure))
#18 D:/chhivlab/chhivlab_212/chhivlab_212/vendor/laravel/framework/src/Illuminate/Container/Container.php(799): Illuminate/Container/BoundMethod::call(Object(Illuminate/Foundation/Application), Object(Closure), Array, NULL)
#19 D:/chhivlab/chhivlab_212/chhivlab_212/vendor/laravel/framework/src/Illuminate/Support/ServiceProvider.php(150): Illuminate/Container/Container->call(Object(Closure))
#20 D:/chhivlab/chhivlab_212/chhivlab_212/vendor/laravel/framework/src/Illuminate/Foundation/Application.php(1154): Illuminate/Support/ServiceProvider->callBootedCallbacks()
#21 D:/chhivlab/chhivlab_212/chhivlab_212/vendor/laravel/framework/src/Illuminate/Foundation/Application.php(1132): Illuminate/Foundation/Application->bootProvider(Object(Illuminate/Foundation/Support/Providers/RouteServiceProvider))
#22 [internal function]: Illuminate/Foundation/Application->Illuminate/Foundation/{closure}(Object(Illuminate/Foundation/Support/Providers/RouteServiceProvider), 'Illuminate//Foun...')
#23 D:/chhivlab/chhivlab_212/chhivlab_212/vendor/laravel/framework/src/Illuminate/Foundation/Application.php(1131): array_walk(Array, Object(Closure))
#24 D:/chhivlab/chhivlab_212/chhivlab_212/vendor/laravel/framework/src/Illuminate/Foundation/Bootstrap/BootProviders.php(17): Illuminate/Foundation/Application->boot()
#25 D:/chhivlab/chhivlab_212/chhivlab_212/vendor/laravel/framework/src/Illuminate/Foundation/Application.php(342): Illuminate/Foundation/Bootstrap/BootProviders->bootstrap(Object(Illuminate/Foundation/Application))
#26 D:/chhivlab/chhivlab_212/chhivlab_212/vendor/laravel/framework/src/Illuminate/Foundation/Console/Kernel.php(494): Illuminate/Foundation/Application->bootstrapWith(Array)
#27 D:/chhivlab/chhivlab_212/chhivlab_212/vendor/laravel/framework/src/Illuminate/Foundation/Console/Kernel.php(196): Illuminate/Foundation/Console/Kernel->bootstrap()
#28 D:/chhivlab/chhivlab_212/chhivlab_212/vendor/laravel/framework/src/Illuminate/Foundation/Application.php(1235): Illuminate/Foundation/Console/Kernel->handle(Object(Symfony/Component/Console/Input/ArgvInput), Object(Symfony/Component/Console/Output/ConsoleOutput))
#29 D:/chhivlab/chhivlab_212/chhivlab_212/artisan(16): Illuminate/Foundation/Application->handleCommand(Object(Symfony/Component/Console/Input/ArgvInput))
#30 {main}
"} 
[2026-01-25 03:50:36] local.ERROR: require(D:\chhivlab\chhivlab_212\chhivlab_212\bootstrap/../routes/api.php): Failed to open stream: No such file or directory {"exception":"[object] (ErrorException(code: 0): require(D:\\chhivlab\\chhivlab_212\\chhivlab_212\\bootstrap/../routes/api.php): Failed to open stream: No such file or directory at D:/chhivlab/chhivlab_212/chhivlab_212/vendor/laravel/framework/src/Illuminate/Routing/RouteFileRegistrar.php:34)
[stacktrace]
#0 D:/chhivlab/chhivlab_212/chhivlab_212/vendor/laravel/framework/src/Illuminate/Foundation/Bootstrap/HandleExceptions.php(258): Illuminate/Foundation/Bootstrap/HandleExceptions->handleError(2, 'require(D://chhi...', 'D://chhivlab//chh...', 34)
#1 D:/chhivlab/chhivlab_212/chhivlab_212/vendor/laravel/framework/src/Illuminate/Routing/RouteFileRegistrar.php(34): Illuminate/Foundation/Bootstrap/HandleExceptions->Illuminate/Foundation/Bootstrap/{closure}(2, 'require(D://chhi...', 'D://chhivlab//chh...', 34)
#2 D:/chhivlab/chhivlab_212/chhivlab_212/vendor/laravel/framework/src/Illuminate/Routing/RouteFileRegistrar.php(34): require('D://chhivlab//chh...')
#3 D:/chhivlab/chhivlab_212/chhivlab_212/vendor/laravel/framework/src/Illuminate/Routing/Router.php(526): Illuminate/Routing/RouteFileRegistrar->register('D://chhivlab//chh...')
#4 D:/chhivlab/chhivlab_212/chhivlab_212/vendor/laravel/framework/src/Illuminate/Routing/Router.php(480): Illuminate/Routing/Router->loadRoutes('D://chhivlab//chh...')
#5 D:/chhivlab/chhivlab_212/chhivlab_212/vendor/laravel/framework/src/Illuminate/Routing/RouteRegistrar.php(212): Illuminate/Routing/Router->group(Array, 'D://chhivlab//chh...')
#6 D:/chhivlab/chhivlab_212/chhivlab_212/vendor/laravel/framework/src/Illuminate/Foundation/Configuration/ApplicationBuilder.php(214): Illuminate/Routing/RouteRegistrar->group('D://chhivlab//chh...')
#7 D:/chhivlab/chhivlab_212/chhivlab_212/vendor/laravel/framework/src/Illuminate/Container/BoundMethod.php(36): Illuminate/Foundation/Configuration/ApplicationBuilder->Illuminate/Foundation/Configuration/{closure}()
#8 D:/chhivlab/chhivlab_212/chhivlab_212/vendor/laravel/framework/src/Illuminate/Container/Util.php(43): Illuminate/Container/BoundMethod::Illuminate/Container/{closure}()
#9 D:/chhivlab/chhivlab_212/chhivlab_212/vendor/laravel/framework/src/Illuminate/Container/BoundMethod.php(84): Illuminate/Container/Util::unwrapIfClosure(Object(Closure))
#10 D:/chhivlab/chhivlab_212/chhivlab_212/vendor/laravel/framework/src/Illuminate/Container/BoundMethod.php(35): Illuminate/Container/BoundMethod::callBoundMethod(Object(Illuminate/Foundation/Application), Object(Closure), Object(Closure))
#11 D:/chhivlab/chhivlab_212/chhivlab_212/vendor/laravel/framework/src/Illuminate/Container/Container.php(799): Illuminate/Container/BoundMethod::call(Object(Illuminate/Foundation/Application), Object(Closure), Array, NULL)
#12 D:/chhivlab/chhivlab_212/chhivlab_212/vendor/laravel/framework/src/Illuminate/Foundation/Support/Providers/RouteServiceProvider.php(162): Illuminate/Container/Container->call(Object(Closure))
#13 D:/chhivlab/chhivlab_212/chhivlab_212/vendor/laravel/framework/src/Illuminate/Foundation/Support/Providers/RouteServiceProvider.php(59): Illuminate/Foundation/Support/Providers/RouteServiceProvider->loadRoutes()
#14 D:/chhivlab/chhivlab_212/chhivlab_212/vendor/laravel/framework/src/Illuminate/Container/BoundMethod.php(36): Illuminate/Foundation/Support/Providers/RouteServiceProvider->Illuminate/Foundation/Support/Providers/{closure}()
#15 D:/chhivlab/chhivlab_212/chhivlab_212/vendor/laravel/framework/src/Illuminate/Container/Util.php(43): Illuminate/Container/BoundMethod::Illuminate/Container/{closure}()
#16 D:/chhivlab/chhivlab_212/chhivlab_212/vendor/laravel/framework/src/Illuminate/Container/BoundMethod.php(84): Illuminate/Container/Util::unwrapIfClosure(Object(Closure))
#17 D:/chhivlab/chhivlab_212/chhivlab_212/vendor/laravel/framework/src/Illuminate/Container/BoundMethod.php(35): Illuminate/Container/BoundMethod::callBoundMethod(Object(Illuminate/Foundation/Application), Object(Closure), Object(Closure))
#18 D:/chhivlab/chhivlab_212/chhivlab_212/vendor/laravel/framework/src/Illuminate/Container/Container.php(799): Illuminate/Container/BoundMethod::call(Object(Illuminate/Foundation/Application), Object(Closure), Array, NULL)
#19 D:/chhivlab/chhivlab_212/chhivlab_212/vendor/laravel/framework/src/Illuminate/Support/ServiceProvider.php(150): Illuminate/Container/Container->call(Object(Closure))
#20 D:/chhivlab/chhivlab_212/chhivlab_212/vendor/laravel/framework/src/Illuminate/Foundation/Application.php(1154): Illuminate/Support/ServiceProvider->callBootedCallbacks()
#21 D:/chhivlab/chhivlab_212/chhivlab_212/vendor/laravel/framework/src/Illuminate/Foundation/Application.php(1132): Illuminate/Foundation/Application->bootProvider(Object(Illuminate/Foundation/Support/Providers/RouteServiceProvider))
#22 [internal function]: Illuminate/Foundation/Application->Illuminate/Foundation/{closure}(Object(Illuminate/Foundation/Support/Providers/RouteServiceProvider), 'Illuminate//Foun...')
#23 D:/chhivlab/chhivlab_212/chhivlab_212/vendor/laravel/framework/src/Illuminate/Foundation/Application.php(1131): array_walk(Array, Object(Closure))
#24 D:/chhivlab/chhivlab_212/chhivlab_212/vendor/laravel/framework/src/Illuminate/Foundation/Bootstrap/BootProviders.php(17): Illuminate/Foundation/Application->boot()
#25 D:/chhivlab/chhivlab_212/chhivlab_212/vendor/laravel/framework/src/Illuminate/Foundation/Application.php(342): Illuminate/Foundation/Bootstrap/BootProviders->bootstrap(Object(Illuminate/Foundation/Application))
#26 D:/chhivlab/chhivlab_212/chhivlab_212/vendor/laravel/framework/src/Illuminate/Foundation/Console/Kernel.php(494): Illuminate/Foundation/Application->bootstrapWith(Array)
#27 D:/chhivlab/chhivlab_212/chhivlab_212/vendor/laravel/framework/src/Illuminate/Foundation/Console/Kernel.php(196): Illuminate/Foundation/Console/Kernel->bootstrap()
#28 D:/chhivlab/chhivlab_212/chhivlab_212/vendor/laravel/framework/src/Illuminate/Foundation/Application.php(1235): Illuminate/Foundation/Console/Kernel->handle(Object(Symfony/Component/Console/Input/ArgvInput), Object(Symfony/Component/Console/Output/ConsoleOutput))
#29 D:/chhivlab/chhivlab_212/chhivlab_212/artisan(16): Illuminate/Foundation/Application->handleCommand(Object(Symfony/Component/Console/Input/ArgvInput))
#30 {main}
"} 
[2026-01-25 03:53:59] local.ERROR: There are no commands defined in the "serve" namespace. {"exception":"[object] (Symfony\\Component\\Console\\Exception\\NamespaceNotFoundException(code: 0): There are no commands defined in the \"serve\" namespace. at D:/chhivlab/chhivlab_212/chhivlab_212/vendor/symfony/console/Application.php:694)
[stacktrace]
#0 D:/chhivlab/chhivlab_212/chhivlab_212/vendor/symfony/console/Application.php(743): Symfony/Component/Console/Application->findNamespace('serve')
#1 D:/chhivlab/chhivlab_212/chhivlab_212/vendor/symfony/console/Application.php(298): Symfony/Component/Console/Application->find('serve:api')
#2 D:/chhivlab/chhivlab_212/chhivlab_212/vendor/symfony/console/Application.php(195): Symfony/Component/Console/Application->doRun(Object(Symfony/Component/Console/Input/ArgvInput), Object(Symfony/Component/Console/Output/ConsoleOutput))
#3 D:/chhivlab/chhivlab_212/chhivlab_212/vendor/laravel/framework/src/Illuminate/Foundation/Console/Kernel.php(198): Symfony/Component/Console/Application->run(Object(Symfony/Component/Console/Input/ArgvInput), Object(Symfony/Component/Console/Output/ConsoleOutput))
#4 D:/chhivlab/chhivlab_212/chhivlab_212/vendor/laravel/framework/src/Illuminate/Foundation/Application.php(1235): Illuminate/Foundation/Console/Kernel->handle(Object(Symfony/Component/Console/Input/ArgvInput), Object(Symfony/Component/Console/Output/ConsoleOutput))
#5 D:/chhivlab/chhivlab_212/chhivlab_212/artisan(16): Illuminate/Foundation/Application->handleCommand(Object(Symfony/Component/Console/Input/ArgvInput))
#6 {main}
"} 
